[2018-10-24 11:50:25] 2018-10-24.INFO: client:{7f00000108fc00000001} connecting...  [] []
[2018-10-24 11:50:25] 2018-10-24.INFO: client:{7f00000108fc00000002} connecting...  [] []
[2018-10-24 11:50:25] 2018-10-24.INFO: client:{7f00000108fc00000003} connecting...  [] []
[2018-10-24 11:50:25] 2018-10-24.INFO: Server: connect checking...  [] []
[2018-10-24 11:50:25] 2018-10-24.INFO: Bed[admin1]: connect successful!  [] []
[2018-10-24 11:50:25] 2018-10-24.INFO: Server: connect checking...  [] []
[2018-10-24 11:50:25] 2018-10-24.INFO: Bed[admin2]: connect successful!  [] []
[2018-10-24 11:50:25] 2018-10-24.INFO: Server: connect checking...  [] []
[2018-10-24 11:50:25] 2018-10-24.INFO: Bed[admin3]: connect successful!  [] []
[2018-10-24 11:50:46] 2018-10-24.INFO: client:{7f00000108fc00000004} connecting...  [] []
[2018-10-24 11:50:54] 2018-10-24.INFO: Server: bind checking...  [] []
[2018-10-24 11:50:54] 2018-10-24.INFO: Server: User[7f00000108fc00000004]: bind successful.  [] []
[2018-10-24 11:50:55] 2018-10-24.INFO: User[7f00000108fc00000004]: query posture to database...  [] []
[2018-10-24 11:51:02] 2018-10-24.INFO: User[7f00000108fc00000004]: send control_posture to Bed...  [] []
[2018-10-24 11:51:02] 2018-10-24.INFO: Server: forwarding control_posture successful.   [] []
[2018-10-24 11:51:07] 2018-10-24.INFO: Bed[admin1]:send done info to users...  [] []
[2018-10-24 11:51:13] 2018-10-24.INFO: User[7f00000108fc00000004]: query record...  [] []
[2018-10-24 11:51:18] 2018-10-24.INFO: User[7f00000108fc00000004]: query record...  [] []
[2018-10-24 11:51:33] 2018-10-24.INFO: User[7f00000108fc00000004]: query record...  [] []
[2018-10-24 11:51:35] 2018-10-24.INFO: User[7f00000108fc00000004]: query record...  [] []
[2018-10-24 11:51:59] 2018-10-24.INFO: User[7f00000108fc00000004]: send control_posture to Bed...  [] []
[2018-10-24 11:51:59] 2018-10-24.INFO: Server: forwarding control_posture successful.   [] []
[2018-10-24 11:52:04] 2018-10-24.INFO: Bed[admin1]:send done info to users...  [] []
[2018-10-24 11:56:04] 2018-10-24.INFO: client:{7f00000108fc00000002} disconnecting...  [] []
[2018-10-24 11:56:04] 2018-10-24.INFO: client:{7f00000108fc00000001} disconnecting...  [] []
[2018-10-24 11:56:04] 2018-10-24.INFO: client:{7f00000108fc00000003} disconnecting...  [] []
[2018-10-24 11:56:04] 2018-10-24.INFO: client:{7f00000108fc00000005} connecting...  [] []
[2018-10-24 11:56:04] 2018-10-24.INFO: client:{7f00000108fc00000006} connecting...  [] []
[2018-10-24 11:56:04] 2018-10-24.INFO: client:{7f00000108fc00000007} connecting...  [] []
[2018-10-24 11:56:04] 2018-10-24.INFO: Server: connect checking...  [] []
[2018-10-24 11:56:04] 2018-10-24.INFO: Bed[admin1]: connect successful!  [] []
[2018-10-24 11:56:04] 2018-10-24.INFO: Server: connect checking...  [] []
[2018-10-24 11:56:04] 2018-10-24.INFO: Bed[admin2]: connect successful!  [] []
[2018-10-24 11:56:04] 2018-10-24.INFO: Server: connect checking...  [] []
[2018-10-24 11:56:04] 2018-10-24.INFO: Bed[admin3]: connect successful!  [] []
[2018-10-24 11:56:11] 2018-10-24.INFO: client:{7f00000108fc00000001} connecting...  [] []
[2018-10-24 11:56:11] 2018-10-24.INFO: client:{7f00000108fc00000002} connecting...  [] []
[2018-10-24 11:56:11] 2018-10-24.INFO: client:{7f00000108fc00000003} connecting...  [] []
[2018-10-24 11:56:11] 2018-10-24.INFO: Server: connect checking...  [] []
[2018-10-24 11:56:11] 2018-10-24.INFO: Bed[admin1]: connect successful!  [] []
[2018-10-24 11:56:11] 2018-10-24.INFO: Server: connect checking...  [] []
[2018-10-24 11:56:11] 2018-10-24.INFO: Bed[admin2]: connect successful!  [] []
[2018-10-24 11:56:11] 2018-10-24.INFO: Server: connect checking...  [] []
[2018-10-24 11:56:11] 2018-10-24.INFO: Bed[admin3]: connect successful!  [] []
[2018-10-24 11:56:11] 2018-10-24.INFO: client:{7f00000108fc00000004} connecting...  [] []
[2018-10-24 11:56:15] 2018-10-24.INFO: client:{7f00000108fc00000004} disconnecting...  [] []
[2018-10-24 11:56:21] 2018-10-24.INFO: client:{7f00000108fc00000005} connecting...  [] []
[2018-10-24 11:56:27] 2018-10-24.INFO: Server: bind checking...  [] []
[2018-10-24 11:56:27] 2018-10-24.INFO: Server: User[7f00000108fc00000005]: bind successful.  [] []
[2018-10-24 11:56:32] 2018-10-24.INFO: User[7f00000108fc00000005]: query posture to database...  [] []
[2018-10-24 11:56:35] 2018-10-24.INFO: User[7f00000108fc00000005]: send control_posture to Bed...  [] []
[2018-10-24 11:56:35] 2018-10-24.INFO: Server: forwarding control_posture successful.   [] []
[2018-10-24 11:56:40] 2018-10-24.INFO: Bed[admin1]:send done info to users...  [] []
[2018-10-24 19:58:45] 2018-10-24.INFO: client:{7f00000108fc00000001} connecting...  [] []
[2018-10-24 19:58:45] 2018-10-24.INFO: client:{7f00000108fc00000002} connecting...  [] []
[2018-10-24 19:58:45] 2018-10-24.INFO: client:{7f00000108fc00000003} connecting...  [] []
[2018-10-24 19:58:45] 2018-10-24.INFO: Server: connect checking...  [] []
[2018-10-24 19:58:45] 2018-10-24.INFO: Bed[admin1]: connect successful!  [] []
[2018-10-24 19:58:45] 2018-10-24.INFO: Server: connect checking...  [] []
[2018-10-24 19:58:45] 2018-10-24.INFO: Bed[admin2]: connect successful!  [] []
[2018-10-24 19:58:45] 2018-10-24.INFO: Server: connect checking...  [] []
[2018-10-24 19:58:45] 2018-10-24.INFO: Bed[admin3]: connect successful!  [] []
[2018-10-24 19:58:45] 2018-10-24.INFO: client:{7f00000108fc00000004} connecting...  [] []
[2018-10-24 21:12:36] 2018-10-24.INFO: client:{7f00000108fc00000001} disconnecting...  [] []
[2018-10-24 21:12:36] 2018-10-24.INFO: client:{7f00000108fc00000002} disconnecting...  [] []
[2018-10-24 21:12:36] 2018-10-24.INFO: client:{7f00000108fc00000003} disconnecting...  [] []
[2018-10-24 21:12:37] 2018-10-24.INFO: client:{7f00000108fc00000005} connecting...  [] []
[2018-10-24 21:12:37] 2018-10-24.INFO: client:{7f00000108fc00000006} connecting...  [] []
[2018-10-24 21:12:37] 2018-10-24.INFO: client:{7f00000108fc00000007} connecting...  [] []
[2018-10-24 21:12:37] 2018-10-24.INFO: Server: connect checking...  [] []
[2018-10-24 21:12:37] 2018-10-24.INFO: Bed[admin1]: connect successful!  [] []
[2018-10-24 21:12:37] 2018-10-24.INFO: Server: connect checking...  [] []
[2018-10-24 21:12:37] 2018-10-24.INFO: Bed[admin2]: connect successful!  [] []
[2018-10-24 21:12:37] 2018-10-24.INFO: Server: connect checking...  [] []
[2018-10-24 21:12:37] 2018-10-24.INFO: Bed[admin3]: connect successful!  [] []
