[2018-10-26 10:04:56] 2018-10-26.INFO: client:{7f00000108fc00000006} connecting...  [] []
[2018-10-26 10:04:56] 2018-10-26.INFO: client:{7f00000108fc00000007} connecting...  [] []
[2018-10-26 10:04:56] 2018-10-26.INFO: client:{7f00000108fc00000008} connecting...  [] []
[2018-10-26 10:04:56] 2018-10-26.INFO: Server: connect checking...  [] []
[2018-10-26 10:04:56] 2018-10-26.ERROR: Bed[admin1]: connect failed! PID is repeated.  [] []
[2018-10-26 10:04:56] 2018-10-26.INFO: Server: connect checking...  [] []
[2018-10-26 10:04:56] 2018-10-26.ERROR: Bed[admin2]: connect failed! PID is repeated.  [] []
[2018-10-26 10:04:56] 2018-10-26.INFO: Server: connect checking...  [] []
[2018-10-26 10:04:56] 2018-10-26.ERROR: Bed[admin3]: connect failed! PID is repeated.  [] []
[2018-10-26 10:04:56] 2018-10-26.INFO: client:{7f00000108fc00000006} disconnecting...  [] []
[2018-10-26 10:04:56] 2018-10-26.INFO: client:{7f00000108fc00000007} disconnecting...  [] []
[2018-10-26 10:04:56] 2018-10-26.INFO: client:{7f00000108fc00000008} disconnecting...  [] []
[2018-10-26 10:04:58] 2018-10-26.INFO: client:{7f00000108fc00000009} connecting...  [] []
[2018-10-26 10:04:58] 2018-10-26.INFO: client:{7f00000108fc0000000a} connecting...  [] []
[2018-10-26 10:04:58] 2018-10-26.INFO: client:{7f00000108fc0000000b} connecting...  [] []
[2018-10-26 10:04:58] 2018-10-26.INFO: Server: connect checking...  [] []
[2018-10-26 10:04:58] 2018-10-26.ERROR: Bed[admin1]: connect failed! PID is repeated.  [] []
[2018-10-26 10:04:58] 2018-10-26.INFO: Server: connect checking...  [] []
[2018-10-26 10:04:58] 2018-10-26.ERROR: Bed[admin2]: connect failed! PID is repeated.  [] []
[2018-10-26 10:04:58] 2018-10-26.INFO: Server: connect checking...  [] []
[2018-10-26 10:04:58] 2018-10-26.ERROR: Bed[admin3]: connect failed! PID is repeated.  [] []
[2018-10-26 10:04:58] 2018-10-26.INFO: client:{7f00000108fc00000009} disconnecting...  [] []
[2018-10-26 10:04:58] 2018-10-26.INFO: client:{7f00000108fc0000000a} disconnecting...  [] []
[2018-10-26 10:04:58] 2018-10-26.INFO: client:{7f00000108fc0000000b} disconnecting...  [] []
[2018-10-26 10:05:00] 2018-10-26.INFO: client:{7f00000108fc0000000c} connecting...  [] []
[2018-10-26 10:05:00] 2018-10-26.INFO: Server: connect checking...  [] []
[2018-10-26 10:05:00] 2018-10-26.ERROR: Bed[admin1]: connect failed! PID is repeated.  [] []
[2018-10-26 10:05:00] 2018-10-26.INFO: client:{7f00000108fc0000000d} connecting...  [] []
[2018-10-26 10:05:00] 2018-10-26.INFO: client:{7f00000108fc0000000c} disconnecting...  [] []
[2018-10-26 10:05:00] 2018-10-26.INFO: Server: connect checking...  [] []
[2018-10-26 10:05:00] 2018-10-26.ERROR: Bed[admin2]: connect failed! PID is repeated.  [] []
[2018-10-26 10:05:00] 2018-10-26.INFO: client:{7f00000108fc0000000e} connecting...  [] []
[2018-10-26 10:05:00] 2018-10-26.INFO: Server: connect checking...  [] []
[2018-10-26 10:05:00] 2018-10-26.ERROR: Bed[admin3]: connect failed! PID is repeated.  [] []
[2018-10-26 10:05:00] 2018-10-26.INFO: client:{7f00000108fc0000000d} disconnecting...  [] []
[2018-10-26 10:05:00] 2018-10-26.INFO: client:{7f00000108fc0000000e} disconnecting...  [] []
[2018-10-26 10:06:03] 2018-10-26.INFO: client:{7f00000108fc0000000f} connecting...  [] []
[2018-10-26 10:06:03] 2018-10-26.INFO: client:{7f00000108fc00000010} connecting...  [] []
[2018-10-26 10:06:03] 2018-10-26.INFO: client:{7f00000108fc00000011} connecting...  [] []
[2018-10-26 10:06:03] 2018-10-26.INFO: Server: connect checking...  [] []
[2018-10-26 10:06:03] 2018-10-26.ERROR: Bed[admin1]: connect failed! PID is repeated.  [] []
[2018-10-26 10:06:03] 2018-10-26.INFO: Server: connect checking...  [] []
[2018-10-26 10:06:03] 2018-10-26.ERROR: Bed[admin2]: connect failed! PID is repeated.  [] []
[2018-10-26 10:06:03] 2018-10-26.INFO: Server: connect checking...  [] []
[2018-10-26 10:06:03] 2018-10-26.ERROR: Bed[admin3]: connect failed! PID is repeated.  [] []
[2018-10-26 10:06:03] 2018-10-26.INFO: client:{7f00000108fc0000000f} disconnecting...  [] []
[2018-10-26 10:06:03] 2018-10-26.INFO: client:{7f00000108fc00000010} disconnecting...  [] []
[2018-10-26 10:06:03] 2018-10-26.INFO: client:{7f00000108fc00000011} disconnecting...  [] []
[2018-10-26 10:06:05] 2018-10-26.INFO: client:{7f00000108fc00000012} connecting...  [] []
[2018-10-26 10:06:05] 2018-10-26.INFO: client:{7f00000108fc00000013} connecting...  [] []
[2018-10-26 10:06:05] 2018-10-26.INFO: Server: connect checking...  [] []
[2018-10-26 10:06:05] 2018-10-26.ERROR: Bed[admin1]: connect failed! PID is repeated.  [] []
[2018-10-26 10:06:05] 2018-10-26.INFO: Server: connect checking...  [] []
[2018-10-26 10:06:05] 2018-10-26.ERROR: Bed[admin2]: connect failed! PID is repeated.  [] []
[2018-10-26 10:06:05] 2018-10-26.INFO: client:{7f00000108fc00000012} disconnecting...  [] []
[2018-10-26 10:06:05] 2018-10-26.INFO: client:{7f00000108fc00000014} connecting...  [] []
[2018-10-26 10:06:05] 2018-10-26.INFO: Server: connect checking...  [] []
[2018-10-26 10:06:05] 2018-10-26.ERROR: Bed[admin3]: connect failed! PID is repeated.  [] []
[2018-10-26 10:06:05] 2018-10-26.INFO: client:{7f00000108fc00000013} disconnecting...  [] []
[2018-10-26 10:06:05] 2018-10-26.INFO: client:{7f00000108fc00000014} disconnecting...  [] []
[2018-10-26 10:06:07] 2018-10-26.INFO: client:{7f00000108fc00000015} connecting...  [] []
[2018-10-26 10:06:07] 2018-10-26.INFO: Server: connect checking...  [] []
[2018-10-26 10:06:07] 2018-10-26.ERROR: Bed[admin1]: connect failed! PID is repeated.  [] []
[2018-10-26 10:06:07] 2018-10-26.INFO: client:{7f00000108fc00000015} disconnecting...  [] []
[2018-10-26 10:06:07] 2018-10-26.INFO: client:{7f00000108fc00000016} connecting...  [] []
[2018-10-26 10:06:07] 2018-10-26.INFO: Server: connect checking...  [] []
[2018-10-26 10:06:07] 2018-10-26.ERROR: Bed[admin2]: connect failed! PID is repeated.  [] []
[2018-10-26 10:06:07] 2018-10-26.INFO: client:{7f00000108fc00000016} disconnecting...  [] []
[2018-10-26 10:06:07] 2018-10-26.INFO: client:{7f00000108fc00000017} connecting...  [] []
[2018-10-26 10:06:07] 2018-10-26.INFO: Server: connect checking...  [] []
[2018-10-26 10:06:07] 2018-10-26.ERROR: Bed[admin3]: connect failed! PID is repeated.  [] []
[2018-10-26 10:06:07] 2018-10-26.INFO: client:{7f00000108fc00000017} disconnecting...  [] []
[2018-10-26 10:06:09] 2018-10-26.INFO: client:{7f00000108fc00000018} connecting...  [] []
[2018-10-26 10:06:09] 2018-10-26.INFO: Server: connect checking...  [] []
[2018-10-26 10:06:09] 2018-10-26.ERROR: Bed[admin1]: connect failed! PID is repeated.  [] []
[2018-10-26 10:06:09] 2018-10-26.INFO: client:{7f00000108fc00000018} disconnecting...  [] []
[2018-10-26 10:06:09] 2018-10-26.INFO: client:{7f00000108fc00000019} connecting...  [] []
[2018-10-26 10:06:09] 2018-10-26.INFO: Server: connect checking...  [] []
[2018-10-26 10:06:09] 2018-10-26.ERROR: Bed[admin2]: connect failed! PID is repeated.  [] []
[2018-10-26 10:06:09] 2018-10-26.INFO: client:{7f00000108fc00000019} disconnecting...  [] []
[2018-10-26 10:06:09] 2018-10-26.INFO: client:{7f00000108fc0000001a} connecting...  [] []
[2018-10-26 10:06:09] 2018-10-26.INFO: Server: connect checking...  [] []
[2018-10-26 10:06:09] 2018-10-26.ERROR: Bed[admin3]: connect failed! PID is repeated.  [] []
[2018-10-26 10:06:09] 2018-10-26.INFO: client:{7f00000108fc0000001a} disconnecting...  [] []
[2018-10-26 10:08:46] 2018-10-26.INFO: client:{7f00000108fc0000001b} connecting...  [] []
[2018-10-26 10:08:46] 2018-10-26.INFO: client:{7f00000108fc0000001c} connecting...  [] []
[2018-10-26 10:08:46] 2018-10-26.INFO: client:{7f00000108fc0000001d} connecting...  [] []
[2018-10-26 10:08:46] 2018-10-26.INFO: Server: connect checking...  [] []
[2018-10-26 10:08:46] 2018-10-26.ERROR: Bed[admin1]: connect failed! PID is repeated.  [] []
[2018-10-26 10:08:46] 2018-10-26.INFO: Server: connect checking...  [] []
[2018-10-26 10:08:46] 2018-10-26.ERROR: Bed[admin2]: connect failed! PID is repeated.  [] []
[2018-10-26 10:08:46] 2018-10-26.INFO: Server: connect checking...  [] []
[2018-10-26 10:08:46] 2018-10-26.ERROR: Bed[admin3]: connect failed! PID is repeated.  [] []
[2018-10-26 10:08:46] 2018-10-26.INFO: client:{7f00000108fc0000001b} disconnecting...  [] []
[2018-10-26 10:08:46] 2018-10-26.INFO: client:{7f00000108fc0000001c} disconnecting...  [] []
[2018-10-26 10:08:46] 2018-10-26.INFO: client:{7f00000108fc0000001d} disconnecting...  [] []
[2018-10-26 10:08:48] 2018-10-26.INFO: client:{7f00000108fc0000001e} connecting...  [] []
[2018-10-26 10:08:48] 2018-10-26.INFO: client:{7f00000108fc0000001f} connecting...  [] []
[2018-10-26 10:08:48] 2018-10-26.INFO: client:{7f00000108fc00000020} connecting...  [] []
[2018-10-26 10:08:48] 2018-10-26.INFO: Server: connect checking...  [] []
[2018-10-26 10:08:48] 2018-10-26.ERROR: Bed[admin1]: connect failed! PID is repeated.  [] []
[2018-10-26 10:08:48] 2018-10-26.INFO: Server: connect checking...  [] []
[2018-10-26 10:08:48] 2018-10-26.ERROR: Bed[admin2]: connect failed! PID is repeated.  [] []
[2018-10-26 10:08:48] 2018-10-26.INFO: Server: connect checking...  [] []
[2018-10-26 10:08:48] 2018-10-26.ERROR: Bed[admin3]: connect failed! PID is repeated.  [] []
[2018-10-26 10:08:48] 2018-10-26.INFO: client:{7f00000108fc0000001e} disconnecting...  [] []
[2018-10-26 10:08:48] 2018-10-26.INFO: client:{7f00000108fc0000001f} disconnecting...  [] []
[2018-10-26 10:08:48] 2018-10-26.INFO: client:{7f00000108fc00000020} disconnecting...  [] []
[2018-10-26 10:08:50] 2018-10-26.INFO: client:{7f00000108fc00000021} connecting...  [] []
[2018-10-26 10:08:50] 2018-10-26.INFO: Server: connect checking...  [] []
[2018-10-26 10:08:50] 2018-10-26.ERROR: Bed[admin1]: connect failed! PID is repeated.  [] []
[2018-10-26 10:08:50] 2018-10-26.INFO: client:{7f00000108fc00000021} disconnecting...  [] []
[2018-10-26 10:08:50] 2018-10-26.INFO: client:{7f00000108fc00000022} connecting...  [] []
[2018-10-26 10:08:50] 2018-10-26.INFO: Server: connect checking...  [] []
[2018-10-26 10:08:50] 2018-10-26.ERROR: Bed[admin2]: connect failed! PID is repeated.  [] []
[2018-10-26 10:08:50] 2018-10-26.INFO: client:{7f00000108fc00000022} disconnecting...  [] []
[2018-10-26 10:08:50] 2018-10-26.INFO: client:{7f00000108fc00000023} connecting...  [] []
[2018-10-26 10:08:50] 2018-10-26.INFO: Server: connect checking...  [] []
[2018-10-26 10:08:50] 2018-10-26.ERROR: Bed[admin3]: connect failed! PID is repeated.  [] []
[2018-10-26 10:08:50] 2018-10-26.INFO: client:{7f00000108fc00000023} disconnecting...  [] []
[2018-10-26 10:08:51] 2018-10-26.INFO: client:{7f00000108fc00000024} connecting...  [] []
[2018-10-26 10:08:51] 2018-10-26.INFO: client:{7f00000108fc00000025} connecting...  [] []
[2018-10-26 10:08:51] 2018-10-26.INFO: client:{7f00000108fc00000026} connecting...  [] []
[2018-10-26 10:08:51] 2018-10-26.INFO: Server: connect checking...  [] []
[2018-10-26 10:08:51] 2018-10-26.ERROR: Bed[admin1]: connect failed! PID is repeated.  [] []
[2018-10-26 10:08:51] 2018-10-26.INFO: Server: connect checking...  [] []
[2018-10-26 10:08:51] 2018-10-26.ERROR: Bed[admin2]: connect failed! PID is repeated.  [] []
[2018-10-26 10:08:51] 2018-10-26.INFO: Server: connect checking...  [] []
[2018-10-26 10:08:51] 2018-10-26.ERROR: Bed[admin3]: connect failed! PID is repeated.  [] []
[2018-10-26 10:08:51] 2018-10-26.INFO: client:{7f00000108fc00000024} disconnecting...  [] []
[2018-10-26 10:08:51] 2018-10-26.INFO: client:{7f00000108fc00000025} disconnecting...  [] []
[2018-10-26 10:08:51] 2018-10-26.INFO: client:{7f00000108fc00000026} disconnecting...  [] []
[2018-10-26 10:12:16] 2018-10-26.INFO: client:{7f00000108fc00000001} connecting...  [] []
[2018-10-26 10:12:16] 2018-10-26.INFO: client:{7f00000108fc00000002} connecting...  [] []
[2018-10-26 10:12:16] 2018-10-26.INFO: client:{7f00000108fc00000003} connecting...  [] []
[2018-10-26 10:12:16] 2018-10-26.INFO: Server: connect checking...  [] []
[2018-10-26 10:12:16] 2018-10-26.INFO: Bed[admin1]: connect successful!  [] []
[2018-10-26 10:12:16] 2018-10-26.INFO: Server: connect checking...  [] []
[2018-10-26 10:12:16] 2018-10-26.INFO: Bed[admin2]: connect successful!  [] []
[2018-10-26 10:12:16] 2018-10-26.INFO: Server: connect checking...  [] []
[2018-10-26 10:12:16] 2018-10-26.INFO: Bed[admin3]: connect successful!  [] []
[2018-10-26 10:12:41] 2018-10-26.INFO: client:{7f00000108fc00000004} connecting...  [] []
[2018-10-26 10:12:53] 2018-10-26.INFO: Server: bind checking...  [] []
[2018-10-26 10:12:53] 2018-10-26.INFO: Server: User[7f00000108fc00000004]: bind successful.  [] []
[2018-10-26 10:12:54] 2018-10-26.INFO: User[7f00000108fc00000004]: query posture to database...  [] []
[2018-10-26 10:13:00] 2018-10-26.INFO: User[7f00000108fc00000004]: send control_posture to Bed...  [] []
[2018-10-26 10:13:00] 2018-10-26.INFO: Server: forwarding control_posture successful.   [] []
[2018-10-26 10:13:05] 2018-10-26.INFO: Bed[admin1]:send done info to users...  [] []
[2018-10-26 10:15:30] 2018-10-26.INFO: client:{7f00000108fc00000001} connecting...  [] []
[2018-10-26 10:15:30] 2018-10-26.INFO: client:{7f00000108fc00000002} connecting...  [] []
[2018-10-26 10:15:30] 2018-10-26.INFO: client:{7f00000108fc00000003} connecting...  [] []
[2018-10-26 10:15:30] 2018-10-26.INFO: Server: connect checking...  [] []
[2018-10-26 10:15:30] 2018-10-26.INFO: Bed[admin1]: connect successful!  [] []
[2018-10-26 10:15:30] 2018-10-26.INFO: Server: connect checking...  [] []
[2018-10-26 10:15:30] 2018-10-26.INFO: Bed[admin2]: connect successful!  [] []
[2018-10-26 10:15:30] 2018-10-26.INFO: Server: connect checking...  [] []
[2018-10-26 10:15:30] 2018-10-26.INFO: Bed[admin3]: connect successful!  [] []
[2018-10-26 10:15:30] 2018-10-26.INFO: client:{7f00000108fc00000004} connecting...  [] []
[2018-10-26 10:17:30] 2018-10-26.INFO: client:{7f00000108fc00000001} connecting...  [] []
[2018-10-26 10:17:30] 2018-10-26.INFO: client:{7f00000108fc00000002} connecting...  [] []
[2018-10-26 10:17:30] 2018-10-26.INFO: client:{7f00000108fc00000003} connecting...  [] []
[2018-10-26 10:17:30] 2018-10-26.INFO: Server: connect checking...  [] []
[2018-10-26 10:17:30] 2018-10-26.INFO: Bed[admin1]: connect successful!  [] []
[2018-10-26 10:17:30] 2018-10-26.INFO: Server: connect checking...  [] []
[2018-10-26 10:17:30] 2018-10-26.INFO: Bed[admin2]: connect successful!  [] []
[2018-10-26 10:17:30] 2018-10-26.INFO: Server: connect checking...  [] []
[2018-10-26 10:17:30] 2018-10-26.INFO: Bed[admin3]: connect successful!  [] []
[2018-10-26 10:17:30] 2018-10-26.INFO: client:{7f00000108fc00000004} connecting...  [] []
[2018-10-26 10:19:13] 2018-10-26.INFO: client:{7f00000108fc00000001} connecting...  [] []
[2018-10-26 10:19:13] 2018-10-26.INFO: client:{7f00000108fc00000002} connecting...  [] []
[2018-10-26 10:19:13] 2018-10-26.INFO: client:{7f00000108fc00000003} connecting...  [] []
[2018-10-26 10:19:13] 2018-10-26.INFO: Server: connect checking...  [] []
[2018-10-26 10:19:13] 2018-10-26.INFO: Bed[admin1]: connect successful!  [] []
[2018-10-26 10:19:13] 2018-10-26.INFO: Server: connect checking...  [] []
[2018-10-26 10:19:13] 2018-10-26.INFO: Bed[admin2]: connect successful!  [] []
[2018-10-26 10:19:13] 2018-10-26.INFO: Server: connect checking...  [] []
[2018-10-26 10:19:13] 2018-10-26.INFO: Bed[admin3]: connect successful!  [] []
[2018-10-26 10:19:14] 2018-10-26.INFO: client:{7f00000108fc00000004} connecting...  [] []
[2018-10-26 10:19:59] 2018-10-26.INFO: client:{7f00000108fc00000001} connecting...  [] []
[2018-10-26 10:19:59] 2018-10-26.INFO: client:{7f00000108fc00000002} connecting...  [] []
[2018-10-26 10:19:59] 2018-10-26.INFO: client:{7f00000108fc00000003} connecting...  [] []
[2018-10-26 10:19:59] 2018-10-26.INFO: client:{7f00000108fc00000004} connecting...  [] []
[2018-10-26 10:19:59] 2018-10-26.INFO: Server: connect checking...  [] []
[2018-10-26 10:19:59] 2018-10-26.INFO: Bed[admin1]: connect successful!  [] []
[2018-10-26 10:19:59] 2018-10-26.INFO: Server: connect checking...  [] []
[2018-10-26 10:19:59] 2018-10-26.INFO: Bed[admin2]: connect successful!  [] []
[2018-10-26 10:19:59] 2018-10-26.INFO: Server: connect checking...  [] []
[2018-10-26 10:19:59] 2018-10-26.INFO: Bed[admin3]: connect successful!  [] []
[2018-10-26 10:20:19] 2018-10-26.INFO: client:{7f00000108fc00000001} disconnecting...  [] []
[2018-10-26 10:20:19] 2018-10-26.INFO: client:{7f00000108fc00000005} connecting...  [] []
[2018-10-26 10:20:33] 2018-10-26.INFO: Server: bind checking...  [] []
[2018-10-26 10:20:33] 2018-10-26.INFO: Server: User[7f00000108fc00000005]: bind successful.  [] []
[2018-10-26 10:20:34] 2018-10-26.INFO: User[7f00000108fc00000005]: query posture to database...  [] []
[2018-10-26 10:20:40] 2018-10-26.INFO: User[7f00000108fc00000005]: send control_posture to Bed...  [] []
[2018-10-26 10:20:40] 2018-10-26.INFO: Server: forwarding control_posture successful.   [] []
[2018-10-26 10:20:45] 2018-10-26.INFO: Bed[admin1]:send done info to users...  [] []
[2018-10-26 10:22:09] 2018-10-26.INFO: client:{7f00000108fc00000001} connecting...  [] []
[2018-10-26 10:22:09] 2018-10-26.INFO: client:{7f00000108fc00000002} connecting...  [] []
[2018-10-26 10:22:09] 2018-10-26.INFO: client:{7f00000108fc00000003} connecting...  [] []
[2018-10-26 10:22:09] 2018-10-26.INFO: Server: connect checking...  [] []
[2018-10-26 10:22:09] 2018-10-26.INFO: Bed[admin1]: connect successful!  [] []
[2018-10-26 10:22:09] 2018-10-26.INFO: Server: connect checking...  [] []
[2018-10-26 10:22:09] 2018-10-26.INFO: Bed[admin2]: connect successful!  [] []
[2018-10-26 10:22:09] 2018-10-26.INFO: Server: connect checking...  [] []
[2018-10-26 10:22:09] 2018-10-26.INFO: Bed[admin3]: connect successful!  [] []
[2018-10-26 10:22:09] 2018-10-26.INFO: client:{7f00000108fc00000004} connecting...  [] []
[2018-10-26 10:22:17] 2018-10-26.INFO: client:{7f00000108fc00000004} disconnecting...  [] []
[2018-10-26 10:22:18] 2018-10-26.INFO: client:{7f00000108fc00000005} connecting...  [] []
[2018-10-26 10:22:22] 2018-10-26.INFO: Server: bind checking...  [] []
[2018-10-26 10:22:22] 2018-10-26.INFO: Server: User[7f00000108fc00000005]: bind successful.  [] []
[2018-10-26 10:25:38] 2018-10-26.INFO: client:{7f00000108fc00000004} connecting...  [] []
[2018-10-26 10:25:40] 2018-10-26.INFO: client:{7f00000108fc00000005} connecting...  [] []
[2018-10-26 10:25:40] 2018-10-26.INFO: client:{7f00000108fc00000006} connecting...  [] []
[2018-10-26 10:25:40] 2018-10-26.INFO: client:{7f00000108fc00000007} connecting...  [] []
[2018-10-26 10:25:40] 2018-10-26.INFO: Server: connect checking...  [] []
[2018-10-26 10:25:40] 2018-10-26.INFO: Bed[admin1]: connect successful!  [] []
[2018-10-26 10:25:40] 2018-10-26.INFO: Server: connect checking...  [] []
[2018-10-26 10:25:40] 2018-10-26.INFO: Bed[admin2]: connect successful!  [] []
[2018-10-26 10:25:40] 2018-10-26.INFO: Server: connect checking...  [] []
[2018-10-26 10:25:40] 2018-10-26.INFO: Bed[admin3]: connect successful!  [] []
[2018-10-26 10:31:54] 2018-10-26.INFO: client:{7f00000108fc00000001} connecting...  [] []
[2018-10-26 10:31:54] 2018-10-26.INFO: client:{7f00000108fc00000002} connecting...  [] []
[2018-10-26 10:31:54] 2018-10-26.INFO: client:{7f00000108fc00000003} connecting...  [] []
[2018-10-26 10:31:54] 2018-10-26.INFO: Server: connect checking...  [] []
[2018-10-26 10:31:54] 2018-10-26.INFO: Bed[admin1]: connect successful!  [] []
[2018-10-26 10:31:54] 2018-10-26.INFO: Server: connect checking...  [] []
[2018-10-26 10:31:54] 2018-10-26.INFO: Bed[admin2]: connect successful!  [] []
[2018-10-26 10:31:54] 2018-10-26.INFO: Server: connect checking...  [] []
[2018-10-26 10:31:54] 2018-10-26.INFO: Bed[admin3]: connect successful!  [] []
[2018-10-26 10:31:54] 2018-10-26.INFO: client:{7f00000108fc00000004} connecting...  [] []
[2018-10-26 10:32:04] 2018-10-26.INFO: client:{7f00000108fc00000004} disconnecting...  [] []
[2018-10-26 10:32:11] 2018-10-26.INFO: client:{7f00000108fc00000005} connecting...  [] []
[2018-10-26 10:32:14] 2018-10-26.INFO: Server: bind checking...  [] []
[2018-10-26 10:32:14] 2018-10-26.INFO: Server: User[7f00000108fc00000005]: bind successful.  [] []
[2018-10-26 10:32:15] 2018-10-26.INFO: User[7f00000108fc00000005]: query posture to database...  [] []
[2018-10-26 11:29:55] 2018-10-26.INFO: client:{7f00000108fc00000001} connecting...  [] []
[2018-10-26 11:29:55] 2018-10-26.INFO: client:{7f00000108fc00000002} connecting...  [] []
[2018-10-26 11:29:55] 2018-10-26.INFO: client:{7f00000108fc00000003} connecting...  [] []
[2018-10-26 11:29:55] 2018-10-26.INFO: client:{7f00000108fc00000004} connecting...  [] []
[2018-10-26 11:29:55] 2018-10-26.INFO: Server: connect checking...  [] []
[2018-10-26 11:29:55] 2018-10-26.INFO: Bed[admin1]: connect successful!  [] []
[2018-10-26 11:29:55] 2018-10-26.INFO: Server: connect checking...  [] []
[2018-10-26 11:29:55] 2018-10-26.INFO: Bed[admin2]: connect successful!  [] []
[2018-10-26 11:29:55] 2018-10-26.INFO: Server: connect checking...  [] []
[2018-10-26 11:29:55] 2018-10-26.INFO: Bed[admin3]: connect successful!  [] []
