[2018-10-25 10:11:47] 2018-10-25.INFO: client:{7f00000108fc00000001} connecting...  [] []
[2018-10-25 10:11:47] 2018-10-25.INFO: client:{7f00000108fc00000002} connecting...  [] []
[2018-10-25 10:11:47] 2018-10-25.INFO: client:{7f00000108fc00000003} connecting...  [] []
[2018-10-25 10:11:47] 2018-10-25.INFO: Server: connect checking...  [] []
[2018-10-25 10:11:47] 2018-10-25.INFO: Bed[admin1]: connect successful!  [] []
[2018-10-25 10:11:47] 2018-10-25.INFO: Server: connect checking...  [] []
[2018-10-25 10:11:47] 2018-10-25.INFO: Bed[admin2]: connect successful!  [] []
[2018-10-25 10:11:47] 2018-10-25.INFO: Server: connect checking...  [] []
[2018-10-25 10:11:47] 2018-10-25.INFO: Bed[admin3]: connect successful!  [] []
[2018-10-25 10:11:54] 2018-10-25.INFO: client:{7f00000108fc00000001} connecting...  [] []
[2018-10-25 10:11:54] 2018-10-25.INFO: client:{7f00000108fc00000002} connecting...  [] []
[2018-10-25 10:11:54] 2018-10-25.INFO: client:{7f00000108fc00000003} connecting...  [] []
[2018-10-25 10:11:54] 2018-10-25.INFO: Server: connect checking...  [] []
[2018-10-25 10:11:54] 2018-10-25.INFO: Bed[admin1]: connect successful!  [] []
[2018-10-25 10:11:54] 2018-10-25.INFO: Server: connect checking...  [] []
[2018-10-25 10:11:54] 2018-10-25.INFO: Bed[admin2]: connect successful!  [] []
[2018-10-25 10:11:54] 2018-10-25.INFO: Server: connect checking...  [] []
[2018-10-25 10:11:54] 2018-10-25.INFO: Bed[admin3]: connect successful!  [] []
[2018-10-25 10:14:28] 2018-10-25.INFO: client:{7f00000108fc00000004} connecting...  [] []
[2018-10-25 10:14:33] 2018-10-25.INFO: client:{7f00000108fc00000004} disconnecting...  [] []
[2018-10-25 10:14:35] 2018-10-25.INFO: client:{7f00000108fc00000005} connecting...  [] []
[2018-10-25 10:14:41] 2018-10-25.INFO: Server: bind checking...  [] []
[2018-10-25 10:14:41] 2018-10-25.INFO: Server: User[7f00000108fc00000005]: bind successful.  [] []
[2018-10-25 10:14:42] 2018-10-25.INFO: User[7f00000108fc00000005]: query posture to database...  [] []
[2018-10-25 10:14:59] 2018-10-25.INFO: User[7f00000108fc00000005]: query posture to database...  [] []
