[2018-10-27 09:35:48] 2018-10-27.INFO: client:{7f00000108fc00000004} disconnecting...  [] []
[2018-10-27 10:14:49] 2018-10-27.INFO: client:{7f00000108fc00000001} connecting...  [] []
[2018-10-27 10:14:49] 2018-10-27.INFO: client:{7f00000108fc00000002} connecting...  [] []
[2018-10-27 10:14:49] 2018-10-27.INFO: client:{7f00000108fc00000003} connecting...  [] []
[2018-10-27 10:14:49] 2018-10-27.INFO: Server: connect checking...  [] []
[2018-10-27 10:14:49] 2018-10-27.INFO: Bed[admin1]: connect successful!  [] []
[2018-10-27 10:14:49] 2018-10-27.INFO: Server: connect checking...  [] []
[2018-10-27 10:14:49] 2018-10-27.INFO: Bed[admin2]: connect successful!  [] []
[2018-10-27 10:14:49] 2018-10-27.INFO: Server: connect checking...  [] []
[2018-10-27 10:14:49] 2018-10-27.INFO: Bed[admin3]: connect successful!  [] []
[2018-10-27 10:15:28] 2018-10-27.INFO: client:{7f00000108fc00000001} connecting...  [] []
[2018-10-27 10:15:28] 2018-10-27.INFO: client:{7f00000108fc00000002} connecting...  [] []
[2018-10-27 10:15:28] 2018-10-27.INFO: client:{7f00000108fc00000003} connecting...  [] []
[2018-10-27 10:15:28] 2018-10-27.INFO: Server: connect checking...  [] []
[2018-10-27 10:15:28] 2018-10-27.INFO: Bed[admin1]: connect successful!  [] []
[2018-10-27 10:15:28] 2018-10-27.INFO: Server: connect checking...  [] []
[2018-10-27 10:15:28] 2018-10-27.INFO: Bed[admin2]: connect successful!  [] []
[2018-10-27 10:15:28] 2018-10-27.INFO: Server: connect checking...  [] []
[2018-10-27 10:15:28] 2018-10-27.INFO: Bed[admin3]: connect successful!  [] []
[2018-10-27 10:16:04] 2018-10-27.INFO: client:{7f00000108fc00000004} connecting...  [] []
[2018-10-27 10:16:15] 2018-10-27.INFO: Server: bind checking...  [] []
[2018-10-27 10:16:15] 2018-10-27.INFO: Server: User[7f00000108fc00000004]: bind successful.  [] []
[2018-10-27 10:16:16] 2018-10-27.INFO: User[7f00000108fc00000004]: query posture to database...  [] []
[2018-10-27 10:24:48] 2018-10-27.INFO: client:{7f00000108fc00000001} connecting...  [] []
[2018-10-27 10:24:48] 2018-10-27.INFO: client:{7f00000108fc00000002} connecting...  [] []
[2018-10-27 10:24:48] 2018-10-27.INFO: client:{7f00000108fc00000003} connecting...  [] []
[2018-10-27 10:24:48] 2018-10-27.INFO: Server: connect checking...  [] []
[2018-10-27 10:24:48] 2018-10-27.INFO: Bed[admin1]: connect successful!  [] []
[2018-10-27 10:24:48] 2018-10-27.INFO: Server: connect checking...  [] []
[2018-10-27 10:24:48] 2018-10-27.INFO: Bed[admin2]: connect successful!  [] []
[2018-10-27 10:24:48] 2018-10-27.INFO: Server: connect checking...  [] []
[2018-10-27 10:24:48] 2018-10-27.INFO: Bed[admin3]: connect successful!  [] []
[2018-10-27 10:24:48] 2018-10-27.INFO: client:{7f00000108fc00000004} connecting...  [] []
[2018-10-27 10:24:59] 2018-10-27.INFO: client:{7f00000108fc00000004} disconnecting...  [] []
[2018-10-27 10:25:02] 2018-10-27.INFO: client:{7f00000108fc00000005} connecting...  [] []
[2018-10-27 10:26:34] 2018-10-27.INFO: client:{7f00000108fc00000001} connecting...  [] []
[2018-10-27 10:26:34] 2018-10-27.INFO: client:{7f00000108fc00000002} connecting...  [] []
[2018-10-27 10:26:34] 2018-10-27.INFO: client:{7f00000108fc00000003} connecting...  [] []
[2018-10-27 10:26:34] 2018-10-27.INFO: Server: connect checking...  [] []
[2018-10-27 10:26:34] 2018-10-27.INFO: Bed[admin1]: connect successful!  [] []
[2018-10-27 10:26:34] 2018-10-27.INFO: Server: connect checking...  [] []
[2018-10-27 10:26:34] 2018-10-27.INFO: Bed[admin2]: connect successful!  [] []
[2018-10-27 10:26:34] 2018-10-27.INFO: Server: connect checking...  [] []
[2018-10-27 10:26:34] 2018-10-27.INFO: Bed[admin3]: connect successful!  [] []
[2018-10-27 10:26:34] 2018-10-27.INFO: client:{7f00000108fc00000004} connecting...  [] []
[2018-10-27 10:26:41] 2018-10-27.INFO: client:{7f00000108fc00000004} disconnecting...  [] []
[2018-10-27 10:26:41] 2018-10-27.INFO: client:{7f00000108fc00000005} connecting...  [] []
[2018-10-27 10:27:30] 2018-10-27.INFO: client:{7f00000108fc00000006} connecting...  [] []
[2018-10-27 10:27:30] 2018-10-27.INFO: client:{7f00000108fc00000007} connecting...  [] []
[2018-10-27 10:27:30] 2018-10-27.INFO: client:{7f00000108fc00000008} connecting...  [] []
[2018-10-27 10:27:30] 2018-10-27.INFO: Server: connect checking...  [] []
[2018-10-27 10:27:30] 2018-10-27.ERROR: Bed[admin1]: connect failed! PID is repeated.  [] []
[2018-10-27 10:27:30] 2018-10-27.INFO: Server: connect checking...  [] []
[2018-10-27 10:27:30] 2018-10-27.ERROR: Bed[admin2]: connect failed! PID is repeated.  [] []
[2018-10-27 10:27:30] 2018-10-27.INFO: Server: connect checking...  [] []
[2018-10-27 10:27:30] 2018-10-27.ERROR: Bed[admin3]: connect failed! PID is repeated.  [] []
[2018-10-27 10:27:30] 2018-10-27.INFO: client:{7f00000108fc00000006} disconnecting...  [] []
[2018-10-27 10:27:30] 2018-10-27.INFO: client:{7f00000108fc00000007} disconnecting...  [] []
[2018-10-27 10:27:30] 2018-10-27.INFO: client:{7f00000108fc00000008} disconnecting...  [] []
[2018-10-27 10:27:32] 2018-10-27.INFO: client:{7f00000108fc00000009} connecting...  [] []
[2018-10-27 10:27:32] 2018-10-27.INFO: client:{7f00000108fc0000000a} connecting...  [] []
[2018-10-27 10:27:32] 2018-10-27.INFO: client:{7f00000108fc0000000b} connecting...  [] []
[2018-10-27 10:27:32] 2018-10-27.INFO: Server: connect checking...  [] []
[2018-10-27 10:27:32] 2018-10-27.ERROR: Bed[admin1]: connect failed! PID is repeated.  [] []
[2018-10-27 10:27:32] 2018-10-27.INFO: Server: connect checking...  [] []
[2018-10-27 10:27:32] 2018-10-27.ERROR: Bed[admin2]: connect failed! PID is repeated.  [] []
[2018-10-27 10:27:32] 2018-10-27.INFO: Server: connect checking...  [] []
[2018-10-27 10:27:32] 2018-10-27.ERROR: Bed[admin3]: connect failed! PID is repeated.  [] []
[2018-10-27 10:27:32] 2018-10-27.INFO: client:{7f00000108fc00000009} disconnecting...  [] []
[2018-10-27 10:27:32] 2018-10-27.INFO: client:{7f00000108fc0000000a} disconnecting...  [] []
[2018-10-27 10:27:32] 2018-10-27.INFO: client:{7f00000108fc0000000b} disconnecting...  [] []
[2018-10-27 10:28:12] 2018-10-27.INFO: client:{7f00000108fc00000001} disconnecting...  [] []
[2018-10-27 10:28:12] 2018-10-27.INFO: client:{7f00000108fc00000002} disconnecting...  [] []
[2018-10-27 10:28:12] 2018-10-27.INFO: client:{7f00000108fc00000003} disconnecting...  [] []
[2018-10-27 10:28:12] 2018-10-27.INFO: client:{7f00000108fc0000000c} connecting...  [] []
[2018-10-27 10:28:12] 2018-10-27.INFO: client:{7f00000108fc0000000d} connecting...  [] []
[2018-10-27 10:28:12] 2018-10-27.INFO: client:{7f00000108fc0000000e} connecting...  [] []
[2018-10-27 10:28:12] 2018-10-27.INFO: Server: connect checking...  [] []
[2018-10-27 10:28:12] 2018-10-27.INFO: Bed[admin1]: connect successful!  [] []
[2018-10-27 10:28:12] 2018-10-27.INFO: Server: connect checking...  [] []
[2018-10-27 10:28:13] 2018-10-27.INFO: Bed[admin2]: connect successful!  [] []
[2018-10-27 10:28:13] 2018-10-27.INFO: Server: connect checking...  [] []
[2018-10-27 10:28:13] 2018-10-27.INFO: Bed[admin3]: connect successful!  [] []
[2018-10-27 10:28:26] 2018-10-27.INFO: client:{7f00000108fc00000001} connecting...  [] []
[2018-10-27 10:28:26] 2018-10-27.INFO: client:{7f00000108fc00000002} connecting...  [] []
[2018-10-27 10:28:26] 2018-10-27.INFO: client:{7f00000108fc00000003} connecting...  [] []
[2018-10-27 10:28:26] 2018-10-27.INFO: Server: connect checking...  [] []
[2018-10-27 10:28:26] 2018-10-27.INFO: Bed[admin1]: connect successful!  [] []
[2018-10-27 10:28:26] 2018-10-27.INFO: Server: connect checking...  [] []
[2018-10-27 10:28:26] 2018-10-27.INFO: Bed[admin2]: connect successful!  [] []
[2018-10-27 10:28:26] 2018-10-27.INFO: Server: connect checking...  [] []
[2018-10-27 10:28:26] 2018-10-27.INFO: Bed[admin3]: connect successful!  [] []
[2018-10-27 10:28:26] 2018-10-27.INFO: client:{7f00000108fc00000004} connecting...  [] []
[2018-10-27 10:28:34] 2018-10-27.INFO: client:{7f00000108fc00000004} disconnecting...  [] []
[2018-10-27 10:28:35] 2018-10-27.INFO: client:{7f00000108fc00000005} connecting...  [] []
[2018-10-27 10:29:24] 2018-10-27.INFO: client:{7f00000108fc00000001} connecting...  [] []
[2018-10-27 10:29:24] 2018-10-27.INFO: client:{7f00000108fc00000002} connecting...  [] []
[2018-10-27 10:29:24] 2018-10-27.INFO: client:{7f00000108fc00000003} connecting...  [] []
[2018-10-27 10:29:24] 2018-10-27.INFO: client:{7f00000108fc00000004} connecting...  [] []
[2018-10-27 10:29:24] 2018-10-27.INFO: Server: connect checking...  [] []
[2018-10-27 10:29:24] 2018-10-27.INFO: Bed[admin1]: connect successful!  [] []
[2018-10-27 10:29:24] 2018-10-27.INFO: Server: connect checking...  [] []
[2018-10-27 10:29:24] 2018-10-27.INFO: Bed[admin2]: connect successful!  [] []
[2018-10-27 10:29:24] 2018-10-27.INFO: Server: connect checking...  [] []
[2018-10-27 10:29:24] 2018-10-27.INFO: Bed[admin3]: connect successful!  [] []
[2018-10-27 10:29:29] 2018-10-27.INFO: client:{7f00000108fc00000004} disconnecting...  [] []
[2018-10-27 10:29:32] 2018-10-27.INFO: client:{7f00000108fc00000005} connecting...  [] []
[2018-10-27 10:30:22] 2018-10-27.INFO: client:{7f00000108fc00000006} connecting...  [] []
[2018-10-27 10:30:22] 2018-10-27.INFO: client:{7f00000108fc00000007} connecting...  [] []
[2018-10-27 10:30:22] 2018-10-27.INFO: client:{7f00000108fc00000008} connecting...  [] []
[2018-10-27 10:30:22] 2018-10-27.INFO: Server: connect checking...  [] []
[2018-10-27 10:30:22] 2018-10-27.ERROR: Bed[admin1]: connect failed! PID is repeated.  [] []
[2018-10-27 10:30:22] 2018-10-27.INFO: Server: connect checking...  [] []
[2018-10-27 10:30:22] 2018-10-27.ERROR: Bed[admin2]: connect failed! PID is repeated.  [] []
[2018-10-27 10:30:22] 2018-10-27.INFO: Server: connect checking...  [] []
[2018-10-27 10:30:22] 2018-10-27.ERROR: Bed[admin3]: connect failed! PID is repeated.  [] []
[2018-10-27 10:30:22] 2018-10-27.INFO: client:{7f00000108fc00000006} disconnecting...  [] []
[2018-10-27 10:30:22] 2018-10-27.INFO: client:{7f00000108fc00000007} disconnecting...  [] []
[2018-10-27 10:30:22] 2018-10-27.INFO: client:{7f00000108fc00000008} disconnecting...  [] []
[2018-10-27 10:30:24] 2018-10-27.INFO: client:{7f00000108fc00000009} connecting...  [] []
[2018-10-27 10:30:24] 2018-10-27.INFO: Server: connect checking...  [] []
[2018-10-27 10:30:24] 2018-10-27.ERROR: Bed[admin1]: connect failed! PID is repeated.  [] []
[2018-10-27 10:30:24] 2018-10-27.INFO: client:{7f00000108fc00000009} disconnecting...  [] []
[2018-10-27 10:30:24] 2018-10-27.INFO: client:{7f00000108fc0000000a} connecting...  [] []
[2018-10-27 10:30:24] 2018-10-27.INFO: Server: connect checking...  [] []
[2018-10-27 10:30:24] 2018-10-27.ERROR: Bed[admin2]: connect failed! PID is repeated.  [] []
[2018-10-27 10:30:24] 2018-10-27.INFO: client:{7f00000108fc0000000b} connecting...  [] []
[2018-10-27 10:30:24] 2018-10-27.INFO: client:{7f00000108fc0000000a} disconnecting...  [] []
[2018-10-27 10:30:24] 2018-10-27.INFO: Server: connect checking...  [] []
[2018-10-27 10:30:24] 2018-10-27.ERROR: Bed[admin3]: connect failed! PID is repeated.  [] []
[2018-10-27 10:30:24] 2018-10-27.INFO: client:{7f00000108fc0000000b} disconnecting...  [] []
[2018-10-27 10:30:26] 2018-10-27.INFO: client:{7f00000108fc0000000c} connecting...  [] []
[2018-10-27 10:30:26] 2018-10-27.INFO: Server: connect checking...  [] []
[2018-10-27 10:30:26] 2018-10-27.ERROR: Bed[admin1]: connect failed! PID is repeated.  [] []
[2018-10-27 10:30:26] 2018-10-27.INFO: client:{7f00000108fc0000000c} disconnecting...  [] []
[2018-10-27 10:30:26] 2018-10-27.INFO: client:{7f00000108fc0000000d} connecting...  [] []
[2018-10-27 10:30:26] 2018-10-27.INFO: Server: connect checking...  [] []
[2018-10-27 10:30:26] 2018-10-27.ERROR: Bed[admin2]: connect failed! PID is repeated.  [] []
[2018-10-27 10:30:26] 2018-10-27.INFO: client:{7f00000108fc0000000e} connecting...  [] []
[2018-10-27 10:30:26] 2018-10-27.INFO: client:{7f00000108fc0000000d} disconnecting...  [] []
[2018-10-27 10:30:26] 2018-10-27.INFO: Server: connect checking...  [] []
[2018-10-27 10:30:26] 2018-10-27.ERROR: Bed[admin3]: connect failed! PID is repeated.  [] []
[2018-10-27 10:30:26] 2018-10-27.INFO: client:{7f00000108fc0000000e} disconnecting...  [] []
[2018-10-27 10:30:33] 2018-10-27.INFO: client:{7f00000108fc00000001} connecting...  [] []
[2018-10-27 10:30:33] 2018-10-27.INFO: client:{7f00000108fc00000002} connecting...  [] []
[2018-10-27 10:30:33] 2018-10-27.INFO: client:{7f00000108fc00000003} connecting...  [] []
[2018-10-27 10:30:33] 2018-10-27.INFO: Server: connect checking...  [] []
[2018-10-27 10:30:33] 2018-10-27.INFO: Bed[admin1]: connect successful!  [] []
[2018-10-27 10:30:33] 2018-10-27.INFO: Server: connect checking...  [] []
[2018-10-27 10:30:33] 2018-10-27.INFO: Bed[admin2]: connect successful!  [] []
[2018-10-27 10:30:33] 2018-10-27.INFO: Server: connect checking...  [] []
[2018-10-27 10:30:33] 2018-10-27.INFO: Bed[admin3]: connect successful!  [] []
[2018-10-27 10:30:33] 2018-10-27.INFO: client:{7f00000108fc00000004} connecting...  [] []
[2018-10-27 10:30:39] 2018-10-27.INFO: client:{7f00000108fc00000004} disconnecting...  [] []
[2018-10-27 10:30:40] 2018-10-27.INFO: client:{7f00000108fc00000005} connecting...  [] []
[2018-10-27 11:07:03] 2018-10-27.INFO: client:{7f00000108fc00000001} connecting...  [] []
[2018-10-27 11:07:03] 2018-10-27.INFO: client:{7f00000108fc0000000a} connecting...  [] []
[2018-10-27 11:07:04] 2018-10-27.INFO: client:{7f00000108fc00000010} connecting...  [] []
[2018-10-27 11:07:05] 2018-10-27.INFO: client:{7f00000108fc00000016} connecting...  [] []
[2018-10-27 11:09:59] 2018-10-27.INFO: client:{7f00000108fc00000001} connecting...  [] []
[2018-10-27 11:09:59] 2018-10-27.INFO: client:{7f00000108fc00000002} connecting...  [] []
[2018-10-27 11:09:59] 2018-10-27.INFO: client:{7f00000108fc00000003} connecting...  [] []
[2018-10-27 11:09:59] 2018-10-27.INFO: Server: connect checking...  [] []
[2018-10-27 11:09:59] 2018-10-27.INFO: Bed[admin1]: connect successful!  [] []
[2018-10-27 11:09:59] 2018-10-27.INFO: Server: connect checking...  [] []
[2018-10-27 11:09:59] 2018-10-27.INFO: Bed[admin2]: connect successful!  [] []
[2018-10-27 11:09:59] 2018-10-27.INFO: Server: connect checking...  [] []
[2018-10-27 11:09:59] 2018-10-27.INFO: Bed[admin3]: connect successful!  [] []
[2018-10-27 11:10:02] 2018-10-27.INFO: client:{7f00000108fc00000004} connecting...  [] []
[2018-10-27 11:10:33] 2018-10-27.INFO: client:{7f00000108fc00000004} disconnecting...  [] []
[2018-10-27 11:10:41] 2018-10-27.INFO: client:{7f00000108fc00000005} connecting...  [] []
[2018-10-27 11:11:37] 2018-10-27.INFO: client:{7f00000108fc00000006} connecting...  [] []
[2018-10-27 11:11:37] 2018-10-27.INFO: client:{7f00000108fc00000007} connecting...  [] []
[2018-10-27 11:11:37] 2018-10-27.INFO: client:{7f00000108fc00000008} connecting...  [] []
[2018-10-27 11:11:37] 2018-10-27.INFO: Server: connect checking...  [] []
[2018-10-27 11:11:37] 2018-10-27.ERROR: Bed[admin1]: connect failed! PID is repeated.  [] []
[2018-10-27 11:11:37] 2018-10-27.INFO: Server: connect checking...  [] []
[2018-10-27 11:11:37] 2018-10-27.ERROR: Bed[admin2]: connect failed! PID is repeated.  [] []
[2018-10-27 11:11:37] 2018-10-27.INFO: Server: connect checking...  [] []
[2018-10-27 11:11:37] 2018-10-27.ERROR: Bed[admin3]: connect failed! PID is repeated.  [] []
[2018-10-27 11:11:37] 2018-10-27.INFO: client:{7f00000108fc00000006} disconnecting...  [] []
[2018-10-27 11:11:37] 2018-10-27.INFO: client:{7f00000108fc00000007} disconnecting...  [] []
[2018-10-27 11:11:37] 2018-10-27.INFO: client:{7f00000108fc00000008} disconnecting...  [] []
[2018-10-27 11:11:39] 2018-10-27.INFO: client:{7f00000108fc00000009} connecting...  [] []
[2018-10-27 11:11:39] 2018-10-27.INFO: client:{7f00000108fc0000000a} connecting...  [] []
[2018-10-27 11:11:39] 2018-10-27.INFO: client:{7f00000108fc0000000b} connecting...  [] []
[2018-10-27 11:11:39] 2018-10-27.INFO: Server: connect checking...  [] []
[2018-10-27 11:11:39] 2018-10-27.ERROR: Bed[admin1]: connect failed! PID is repeated.  [] []
[2018-10-27 11:11:39] 2018-10-27.INFO: Server: connect checking...  [] []
[2018-10-27 11:11:39] 2018-10-27.ERROR: Bed[admin2]: connect failed! PID is repeated.  [] []
[2018-10-27 11:11:39] 2018-10-27.INFO: Server: connect checking...  [] []
[2018-10-27 11:11:39] 2018-10-27.ERROR: Bed[admin3]: connect failed! PID is repeated.  [] []
[2018-10-27 11:11:39] 2018-10-27.INFO: client:{7f00000108fc00000009} disconnecting...  [] []
[2018-10-27 11:11:39] 2018-10-27.INFO: client:{7f00000108fc0000000a} disconnecting...  [] []
[2018-10-27 11:11:39] 2018-10-27.INFO: client:{7f00000108fc0000000b} disconnecting...  [] []
[2018-10-27 11:11:40] 2018-10-27.INFO: client:{7f00000108fc0000000c} connecting...  [] []
[2018-10-27 11:11:40] 2018-10-27.INFO: client:{7f00000108fc0000000d} connecting...  [] []
[2018-10-27 11:11:40] 2018-10-27.INFO: client:{7f00000108fc0000000e} connecting...  [] []
[2018-10-27 11:11:40] 2018-10-27.INFO: Server: connect checking...  [] []
[2018-10-27 11:11:40] 2018-10-27.ERROR: Bed[admin1]: connect failed! PID is repeated.  [] []
[2018-10-27 11:11:40] 2018-10-27.INFO: Server: connect checking...  [] []
[2018-10-27 11:11:40] 2018-10-27.ERROR: Bed[admin2]: connect failed! PID is repeated.  [] []
[2018-10-27 11:11:40] 2018-10-27.INFO: Server: connect checking...  [] []
[2018-10-27 11:11:40] 2018-10-27.ERROR: Bed[admin3]: connect failed! PID is repeated.  [] []
[2018-10-27 11:11:40] 2018-10-27.INFO: client:{7f00000108fc0000000c} disconnecting...  [] []
[2018-10-27 11:11:40] 2018-10-27.INFO: client:{7f00000108fc0000000d} disconnecting...  [] []
[2018-10-27 11:11:40] 2018-10-27.INFO: client:{7f00000108fc0000000e} disconnecting...  [] []
[2018-10-27 11:11:47] 2018-10-27.INFO: client:{7f00000108fc00000001} connecting...  [] []
[2018-10-27 11:11:47] 2018-10-27.INFO: client:{7f00000108fc00000002} connecting...  [] []
[2018-10-27 11:11:47] 2018-10-27.INFO: client:{7f00000108fc00000003} connecting...  [] []
[2018-10-27 11:11:47] 2018-10-27.INFO: client:{7f00000108fc00000004} connecting...  [] []
[2018-10-27 11:11:47] 2018-10-27.INFO: Server: connect checking...  [] []
[2018-10-27 11:11:47] 2018-10-27.INFO: Bed[admin1]: connect successful!  [] []
[2018-10-27 11:11:47] 2018-10-27.INFO: Server: connect checking...  [] []
[2018-10-27 11:11:47] 2018-10-27.INFO: Bed[admin2]: connect successful!  [] []
[2018-10-27 11:11:47] 2018-10-27.INFO: Server: connect checking...  [] []
[2018-10-27 11:11:47] 2018-10-27.INFO: Bed[admin3]: connect successful!  [] []
