[2019-06-24 11:15:06] 2019-06-24.INFO: client:{7f00000108fc00000001} connecting...  [] []
[2019-06-24 11:15:06] 2019-06-24.INFO: client:{7f00000108fc00000002} connecting...  [] []
[2019-06-24 11:15:06] 2019-06-24.INFO: client:{7f00000108fc00000003} connecting...  [] []
[2019-06-24 11:15:06] 2019-06-24.INFO: Server: connect checking...  [] []
[2019-06-24 11:15:06] 2019-06-24.INFO: Bed[admin1]: connect successful!  [] []
[2019-06-24 11:15:06] 2019-06-24.INFO: Server: connect checking...  [] []
[2019-06-24 11:15:06] 2019-06-24.INFO: Bed[admin2]: connect successful!  [] []
[2019-06-24 11:15:06] 2019-06-24.INFO: Server: connect checking...  [] []
[2019-06-24 11:15:06] 2019-06-24.INFO: Bed[admin3]: connect successful!  [] []
[2019-06-24 11:16:01] 2019-06-24.INFO: client:{7f00000108fc00000004} connecting...  [] []
[2019-06-24 11:16:09] 2019-06-24.INFO: Server: bind checking Bed[admin1]...  [] []
[2019-06-24 11:16:09] 2019-06-24.INFO: Server: User[7f00000108fc00000004]: bind successful.  [] []
[2019-06-24 11:16:10] 2019-06-24.INFO: User[7f00000108fc00000004]: query posture to database Bed[admin1]...  [] []
[2019-06-24 11:16:11] 2019-06-24.INFO: User[7f00000108fc00000004]: query posture to database Bed[admin1]...  [] []
[2019-06-24 11:16:13] 2019-06-24.INFO: User[7f00000108fc00000004]: query record bed[admin1]...  [] []
[2019-06-24 11:16:21] 2019-06-24.INFO: User[7f00000108fc00000004]: query posture to database Bed[admin1]...  [] []
[2019-06-24 11:16:27] 2019-06-24.INFO: User[7f00000108fc00000004]: query posture to database Bed[admin1]...  [] []
[2019-06-24 11:16:28] 2019-06-24.INFO: User[7f00000108fc00000004]: query posture to database Bed[admin1]...  [] []
[2019-06-24 11:16:28] 2019-06-24.INFO: User[7f00000108fc00000004]: query posture to database Bed[admin1]...  [] []
[2019-06-24 11:16:29] 2019-06-24.INFO: User[7f00000108fc00000004]: query posture to database Bed[admin1]...  [] []
[2019-06-24 11:16:38] 2019-06-24.INFO: User[7f00000108fc00000004]: send control_posture to Bed[admin1]...  [] []
[2019-06-24 11:16:38] 2019-06-24.INFO: Server: forwarding control_posture successful.   [] []
[2019-06-24 11:16:43] 2019-06-24.INFO: Bed[admin1]:send done info to users...  [] []
[2019-06-24 11:16:47] 2019-06-24.INFO: User[7f00000108fc00000004]: query record bed[admin1]...  [] []
[2019-06-24 11:16:58] 2019-06-24.INFO: client:{7f00000108fc00000004} disconnecting...  [] []
