[2019-03-16 16:18:25] 2019-03-16.INFO: client:{7f00000108fc00000001} connecting...  [] []
[2019-03-16 16:18:25] 2019-03-16.INFO: client:{7f00000108fc00000002} connecting...  [] []
[2019-03-16 16:18:25] 2019-03-16.INFO: client:{7f00000108fc00000003} connecting...  [] []
[2019-03-16 16:18:25] 2019-03-16.DEBUG:  [virtualbed: admin1] send connect.  [] []
[2019-03-16 16:18:25] 2019-03-16.DEBUG:  [virtualbed: admin1] send data: {"type":"CONNECT","from":"BED","content":{"PID":"admin1"}}]  [] []
[2019-03-16 16:18:25] 2019-03-16.DEBUG:  [virtualbed: admin2] send connect.  [] []
[2019-03-16 16:18:25] 2019-03-16.DEBUG:  [virtualbed: admin2] send data: {"type":"CONNECT","from":"BED","content":{"PID":"admin2"}}]  [] []
[2019-03-16 16:18:25] 2019-03-16.DEBUG:  [virtualbed: admin3] send connect.  [] []
[2019-03-16 16:18:25] 2019-03-16.DEBUG:  [virtualbed: admin3] send data: {"type":"CONNECT","from":"BED","content":{"PID":"admin3"}}]  [] []
[2019-03-16 16:18:25] 2019-03-16.DEBUG:  message: {"type":"CONNECT","from":"BED","content":{"PID":"admin1"}}  [] []
[2019-03-16 16:18:25] 2019-03-16.INFO: Server: connect checking...  [] []
[2019-03-16 16:18:25] 2019-03-16.INFO: Bed[admin1]: connect successful!  [] []
[2019-03-16 16:18:25] 2019-03-16.DEBUG:  [virtualbed] received data: {"type":"SERVER_FEEDBACK","from":"SERVER","content":{"received":"connect successful! "}}  [] []
[2019-03-16 16:18:25] 2019-03-16.DEBUG:  message: {"type":"CONNECT","from":"BED","content":{"PID":"admin2"}}  [] []
[2019-03-16 16:18:25] 2019-03-16.INFO: Server: connect checking...  [] []
ck: connect successful! [received]  [] []
[2019-03-16 16:18:25] 2019-03-16.INFO: Bed[admin2]: connect successful!  [] []
[2019-03-16 16:18:25] 2019-03-16.DEBUG:  [virtualbed] received data: {"type":"SERVER_FEEDBACK","from":"SERVER","content":{"received":"connect successful! "}}  [] []
[2019-03-16 16:18:25] 2019-03-16.DEBUG:  message: {"type":"CONNECT","from":"BED","content":{"PID":"admin3"}}  [] []
[2019-03-16 16:18:25] 2019-03-16.DEBUG: [virtualbed: admin2] server feedback: connect successful! [received]  [] []
[2019-03-16 16:18:25] 2019-03-16.INFO: Server: connect checking...  [] []
[2019-03-16 16:18:25] 2019-03-16.INFO: Bed[admin3]: connect successful!  [] []
[2019-03-16 16:18:25] 2019-03-16.DEBUG:  [virtualbed] received data: {"type":"SERVER_FEEDBACK","from":"SERVER","content":{"received":"connect successful! "}}  [] []
[2019-03-16 16:18:25] 2019-03-16.DEBUG: [virtualbed: admin3] server feedback: connect successful! [received]  [] []
[2019-03-16 16:18:43] 2019-03-16.INFO: client:{7f00000108fc00000001} disconnecting...  [] []
[2019-03-16 16:18:43] 2019-03-16.INFO: client:{7f00000108fc00000002} disconnecting...  [] []
[2019-03-16 16:18:43] 2019-03-16.INFO: client:{7f00000108fc00000003} disconnecting...  [] []
[2019-03-16 16:18:44] 2019-03-16.INFO: client:{7f00000108fc00000004} connecting...  [] []
[2019-03-16 16:18:44] 2019-03-16.INFO: client:{7f00000108fc00000005} connecting...  [] []
[2019-03-16 16:18:44] 2019-03-16.INFO: client:{7f00000108fc00000006} connecting...  [] []
[2019-03-16 16:18:44] 2019-03-16.DEBUG:  [virtualbed: admin1] send connect.  [] []
[2019-03-16 16:18:44] 2019-03-16.DEBUG:  [virtualbed: admin1] send data: {"type":"CONNECT","from":"BED","content":{"PID":"admin1"}}]  [] []
[2019-03-16 16:18:44] 2019-03-16.DEBUG:  [virtualbed: admin2] send connect.  [] []
[2019-03-16 16:18:44] 2019-03-16.DEBUG:  [virtualbed: admin2] send data: {"type":"CONNECT","from":"BED","content":{"PID":"admin2"}}]  [] []
[2019-03-16 16:18:44] 2019-03-16.DEBUG:  [virtualbed: admin3] send connect.  [] []
[2019-03-16 16:18:44] 2019-03-16.DEBUG:  [virtualbed: admin3] send data: {"type":"CONNECT","from":"BED","content":{"PID":"admin3"}}]  [] []
[2019-03-16 16:18:44] 2019-03-16.DEBUG:  message: {"type":"CONNECT","from":"BED","content":{"PID":"admin1"}}  [] []
[2019-03-16 16:18:44] 2019-03-16.INFO: Server: connect checking...  [] []
[2019-03-16 16:18:44] 2019-03-16.INFO: Bed[admin1]: connect successful!  [] []
[2019-03-16 16:18:44] 2019-03-16.DEBUG:  [virtualbed] received data: {"type":"SERVER_FEEDBACK","from":"SERVER","content":{"received":"connect successful! "}}  [] []
[2019-03-16 16:18:44] 2019-03-16.DEBUG: [virtualbed: admin1] server feedback: connect successful! [received]  [] []
[2019-03-16 16:18:44] 2019-03-16.INFO: Server: connect checking...  [] []
[2019-03-16 16:18:44] 2019-03-16.INFO: Bed[admin2]: connect successful!  [] []
[2019-03-16 16:18:44] 2019-03-16.DEBUG:  [virtualbed] received data: {"type":"SERVER_FEEDBACK","from":"SERVER","content":{"received":"connect successful! "}}  [] []
[2019-03-16 16:18:44] 2019-03-16.DEBUG:  message: {"type":"CONNECT","from":"BED","content":{"PID":"admin3"}}  [] []
[2019-03-16 16:18:44] 2019-03-16.INFO: Server: connect checking...  [] []
[2019-03-16 16:18:44] 2019-03-16.INFO: Bed[admin3]: connect successful!  [] []
[2019-03-16 16:18:44] 2019-03-16.DEBUG:  [virtualbed] received data: {"type":"SERVER_FEEDBACK","from":"SERVER","content":{"received":"connect successful! "}}  [] []
[2019-03-16 16:18:44] 2019-03-16.DEBUG: [virtualbed: admin3] server feedback: connect successful! [received]  [] []
