[2019-04-28 15:41:19] 2019-04-28.INFO: client:{7f00000108fc00000001} connecting...  [] []
[2019-04-28 15:41:19] 2019-04-28.INFO: client:{7f00000108fc00000002} connecting...  [] []
[2019-04-28 15:41:19] 2019-04-28.INFO: client:{7f00000108fc00000003} connecting...  [] []
[2019-04-28 15:41:19] 2019-04-28.INFO: Server: connect checking...  [] []
[2019-04-28 15:41:19] 2019-04-28.INFO: Bed[admin1]: connect successful!  [] []
[2019-04-28 15:41:19] 2019-04-28.INFO: Server: connect checking...  [] []
[2019-04-28 15:41:19] 2019-04-28.INFO: Bed[admin2]: connect successful!  [] []
[2019-04-28 15:41:19] 2019-04-28.INFO: Server: connect checking...  [] []
[2019-04-28 15:41:19] 2019-04-28.INFO: Bed[admin3]: connect successful!  [] []
[2019-04-28 15:42:07] 2019-04-28.INFO: client:{7f00000108fc00000004} connecting...  [] []
[2019-04-28 15:42:07] 2019-04-28.INFO: User[7f00000108fc00000004]: query record bed[]...  [] []
[2019-04-28 15:42:07] 2019-04-28.INFO: Server: PID is unbound!   [] []
[2019-04-28 15:42:20] 2019-04-28.INFO: Server: bind checking Bed[admin1]...  [] []
[2019-04-28 15:42:20] 2019-04-28.INFO: Server: User[7f00000108fc00000004]: bind successful.  [] []
[2019-04-28 15:42:39] 2019-04-28.INFO: User[7f00000108fc00000004]: query posture to database bed[admin1]...  [] []
[2019-04-28 15:42:40] 2019-04-28.INFO: User[7f00000108fc00000004]: query posture to database bed[admin1]...  [] []
[2019-04-28 15:42:44] 2019-04-28.INFO: User[7f00000108fc00000004]: query posture to database bed[admin1]...  [] []
[2019-04-28 15:42:53] 2019-04-28.INFO: User[7f00000108fc00000004]: send control_posture to Bed[ admin1]...  [] []
[2019-04-28 15:42:53] 2019-04-28.INFO: Server: forwarding control_posture successful.   [] []
[2019-04-28 15:42:58] 2019-04-28.INFO: Bed[admin1]:send done info to users...  [] []
[2019-04-28 15:43:06] 2019-04-28.INFO: client:{7f00000108fc00000004} disconnecting...  [] []
[2019-04-28 15:43:06] 2019-04-28.INFO: client:{7f00000108fc00000005} connecting...  [] []
[2019-04-28 15:43:16] 2019-04-28.INFO: client:{7f00000108fc00000001} disconnecting...  [] []
[2019-04-28 15:43:16] 2019-04-28.INFO: client:{7f00000108fc00000002} disconnecting...  [] []
[2019-04-28 15:43:16] 2019-04-28.INFO: client:{7f00000108fc00000003} disconnecting...  [] []
[2019-04-28 15:43:18] 2019-04-28.INFO: client:{7f00000108fc00000006} connecting...  [] []
[2019-04-28 15:43:18] 2019-04-28.INFO: client:{7f00000108fc00000007} connecting...  [] []
[2019-04-28 15:43:18] 2019-04-28.INFO: client:{7f00000108fc00000008} connecting...  [] []
[2019-04-28 15:43:18] 2019-04-28.INFO: Server: connect checking...  [] []
[2019-04-28 15:43:18] 2019-04-28.INFO: Bed[admin1]: connect successful!  [] []
[2019-04-28 15:43:18] 2019-04-28.INFO: Server: connect checking...  [] []
[2019-04-28 15:43:18] 2019-04-28.INFO: Bed[admin2]: connect successful!  [] []
[2019-04-28 15:43:18] 2019-04-28.INFO: Server: connect checking...  [] []
[2019-04-28 15:43:18] 2019-04-28.INFO: Bed[admin3]: connect successful!  [] []
[2019-04-28 15:43:36] 2019-04-28.INFO: client:{7f00000108fc00000001} connecting...  [] []
[2019-04-28 15:43:36] 2019-04-28.INFO: client:{7f00000108fc00000002} connecting...  [] []
[2019-04-28 15:43:36] 2019-04-28.INFO: client:{7f00000108fc00000003} connecting...  [] []
[2019-04-28 15:43:36] 2019-04-28.INFO: Server: connect checking...  [] []
[2019-04-28 15:43:36] 2019-04-28.INFO: Bed[admin1]: connect successful!  [] []
[2019-04-28 15:43:36] 2019-04-28.INFO: Server: connect checking...  [] []
[2019-04-28 15:43:36] 2019-04-28.INFO: Bed[admin2]: connect successful!  [] []
[2019-04-28 15:43:36] 2019-04-28.INFO: Server: connect checking...  [] []
[2019-04-28 15:43:36] 2019-04-28.INFO: Bed[admin3]: connect successful!  [] []
[2019-04-28 15:43:39] 2019-04-28.INFO: client:{7f00000108fc00000004} connecting...  [] []
[2019-04-28 15:43:42] 2019-04-28.INFO: client:{7f00000108fc00000004} disconnecting...  [] []
[2019-04-28 15:43:42] 2019-04-28.INFO: client:{7f00000108fc00000005} connecting...  [] []
[2019-04-28 15:44:02] 2019-04-28.INFO: Server: bind checking Bed[admin1]...  [] []
[2019-04-28 15:44:02] 2019-04-28.INFO: Server: User[7f00000108fc00000005]: bind successful.  [] []
[2019-04-28 15:44:08] 2019-04-28.INFO: User[7f00000108fc00000005]: query posture to database bed[admin1]...  [] []
[2019-04-28 15:44:21] 2019-04-28.INFO: User[7f00000108fc00000005]: query posture to database bed[admin1]...  [] []
[2019-04-28 15:44:31] 2019-04-28.INFO: User[7f00000108fc00000005]: send control_posture to Bed[ admin1]...  [] []
[2019-04-28 15:44:31] 2019-04-28.INFO: Server: forwarding control_posture successful.   [] []
[2019-04-28 15:44:36] 2019-04-28.INFO: Bed[admin1]:send done info to users...  [] []
[2019-04-28 16:01:16] 2019-04-28.INFO: client:{7f00000108fc00000005} disconnecting...  [] []
[2019-04-28 17:05:45] 2019-04-28.INFO: client:{7f00000108fc00000001} disconnecting...  [] []
[2019-04-28 17:05:45] 2019-04-28.INFO: client:{7f00000108fc00000002} disconnecting...  [] []
[2019-04-28 17:05:45] 2019-04-28.INFO: client:{7f00000108fc00000003} disconnecting...  [] []
[2019-04-28 17:05:46] 2019-04-28.INFO: client:{7f00000108fc00000006} connecting...  [] []
[2019-04-28 17:05:46] 2019-04-28.INFO: client:{7f00000108fc00000007} connecting...  [] []
[2019-04-28 17:05:46] 2019-04-28.INFO: client:{7f00000108fc00000008} connecting...  [] []
[2019-04-28 17:05:46] 2019-04-28.INFO: Server: connect checking...  [] []
[2019-04-28 17:05:46] 2019-04-28.INFO: Bed[admin1]: connect successful!  [] []
[2019-04-28 17:05:46] 2019-04-28.INFO: Server: connect checking...  [] []
[2019-04-28 17:05:46] 2019-04-28.INFO: Bed[admin2]: connect successful!  [] []
[2019-04-28 17:05:46] 2019-04-28.INFO: Server: connect checking...  [] []
[2019-04-28 17:05:47] 2019-04-28.INFO: Bed[admin3]: connect successful!  [] []
[2019-04-28 17:05:47] 2019-04-28.INFO: client:{7f00000108fc00000006} disconnecting...  [] []
[2019-04-28 17:05:47] 2019-04-28.INFO: client:{7f00000108fc00000007} disconnecting...  [] []
[2019-04-28 17:05:47] 2019-04-28.INFO: client:{7f00000108fc00000008} disconnecting...  [] []
