[2019-03-13 18:07:55] 2019-03-13.INFO: client:{7f00000108fc00000001} connecting...  [] []
[2019-03-13 18:07:55] 2019-03-13.INFO: client:{7f00000108fc00000002} connecting...  [] []
[2019-03-13 18:07:55] 2019-03-13.INFO: client:{7f00000108fc00000003} connecting...  [] []
[2019-03-13 18:07:55] 2019-03-13.INFO: Server: connect checking...  [] []
[2019-03-13 18:07:55] 2019-03-13.INFO: Bed[admin1]: connect successful!  [] []
[2019-03-13 18:07:55] 2019-03-13.INFO: Server: connect checking...  [] []
[2019-03-13 18:07:55] 2019-03-13.INFO: Bed[admin2]: connect successful!  [] []
[2019-03-13 18:07:55] 2019-03-13.INFO: Server: connect checking...  [] []
[2019-03-13 18:07:55] 2019-03-13.INFO: Bed[admin3]: connect successful!  [] []
[2019-03-13 18:08:22] 2019-03-13.INFO: client:{7f00000108fc00000004} connecting...  [] []
[2019-03-13 18:09:03] 2019-03-13.INFO: client:{7f00000108fc00000004} disconnecting...  [] []
[2019-03-13 18:09:04] 2019-03-13.INFO: client:{7f00000108fc00000005} connecting...  [] []
[2019-03-13 18:09:13] 2019-03-13.INFO: Server: bind checking...  [] []
[2019-03-13 18:09:13] 2019-03-13.INFO: Server: User[7f00000108fc00000005]: bind successful.  [] []
[2019-03-13 18:09:14] 2019-03-13.INFO: User[7f00000108fc00000005]: query posture to database...  [] []
[2019-03-13 18:09:26] 2019-03-13.INFO: User[7f00000108fc00000005]: query posture to database...  [] []
[2019-03-13 18:09:32] 2019-03-13.INFO: User[7f00000108fc00000005]: unbind successful.  [] []
[2019-03-13 18:09:45] 2019-03-13.INFO: Server: bind checking...  [] []
[2019-03-13 18:09:45] 2019-03-13.INFO: Server: User[7f00000108fc00000005]: bind successful.  [] []
[2019-03-13 18:09:46] 2019-03-13.INFO: User[7f00000108fc00000005]: query posture to database...  [] []
[2019-03-13 18:09:48] 2019-03-13.INFO: User[7f00000108fc00000005]: send control_posture to Bed...  [] []
[2019-03-13 18:09:48] 2019-03-13.INFO: Server: forwarding control_posture successful.   [] []
[2019-03-13 18:09:53] 2019-03-13.INFO: Bed[admin1]:send done info to users...  [] []
[2019-03-13 18:09:56] 2019-03-13.INFO: User[7f00000108fc00000005]: query posture to database...  [] []
[2019-03-13 18:09:57] 2019-03-13.INFO: User[7f00000108fc00000005]: query posture to database...  [] []
[2019-03-13 18:15:25] 2019-03-13.INFO: User[7f00000108fc00000005]: query posture to database...  [] []
[2019-03-13 18:16:00] 2019-03-13.INFO: User[7f00000108fc00000005]: query record...  [] []
[2019-03-13 18:16:01] 2019-03-13.INFO: User[7f00000108fc00000005]: query record...  [] []
[2019-03-13 18:18:36] 2019-03-13.INFO: client:{7f00000108fc00000001} connecting...  [] []
[2019-03-13 18:18:36] 2019-03-13.INFO: client:{7f00000108fc00000002} connecting...  [] []
[2019-03-13 18:18:36] 2019-03-13.INFO: client:{7f00000108fc00000003} connecting...  [] []
[2019-03-13 18:18:36] 2019-03-13.INFO: Server: connect checking...  [] []
[2019-03-13 18:18:36] 2019-03-13.INFO: Bed[admin1]: connect successful!  [] []
[2019-03-13 18:18:36] 2019-03-13.INFO: Server: connect checking...  [] []
[2019-03-13 18:18:36] 2019-03-13.INFO: Bed[admin2]: connect successful!  [] []
[2019-03-13 18:18:36] 2019-03-13.INFO: Server: connect checking...  [] []
[2019-03-13 18:18:36] 2019-03-13.INFO: Bed[admin3]: connect successful!  [] []
[2019-03-13 18:18:37] 2019-03-13.INFO: client:{7f00000108fc00000004} connecting...  [] []
[2019-03-13 18:18:40] 2019-03-13.INFO: client:{7f00000108fc00000004} disconnecting...  [] []
[2019-03-13 18:18:41] 2019-03-13.INFO: client:{7f00000108fc00000005} connecting...  [] []
[2019-03-13 18:18:51] 2019-03-13.INFO: User[7f00000108fc00000005]: query record...  [] []
[2019-03-13 18:18:51] 2019-03-13.INFO: Server: PID is unbound!   [] []
[2019-03-13 18:18:53] 2019-03-13.INFO: User[7f00000108fc00000005]: query record...  [] []
[2019-03-13 18:18:53] 2019-03-13.INFO: Server: PID is unbound!   [] []
[2019-03-13 18:18:55] 2019-03-13.INFO: User[7f00000108fc00000005]: query record...  [] []
[2019-03-13 18:18:55] 2019-03-13.INFO: Server: PID is unbound!   [] []
[2019-03-13 18:18:59] 2019-03-13.INFO: client:{7f00000108fc00000005} disconnecting...  [] []
