[2019-03-29 11:06:54] 2019-03-29.INFO: client:{7f00000108fc00000001} connecting...  [] []
[2019-03-29 11:06:54] 2019-03-29.INFO: client:{7f00000108fc00000002} connecting...  [] []
[2019-03-29 11:06:54] 2019-03-29.INFO: client:{7f00000108fc00000003} connecting...  [] []
[2019-03-29 11:06:54] 2019-03-29.INFO: Server: connect checking...  [] []
[2019-03-29 11:06:54] 2019-03-29.INFO: Bed[admin1]: connect successful!  [] []
[2019-03-29 11:06:54] 2019-03-29.INFO: Server: connect checking...  [] []
[2019-03-29 11:06:54] 2019-03-29.INFO: Bed[admin2]: connect successful!  [] []
[2019-03-29 11:06:54] 2019-03-29.INFO: Server: connect checking...  [] []
[2019-03-29 11:06:54] 2019-03-29.INFO: Bed[admin3]: connect successful!  [] []
[2019-03-29 11:06:54] 2019-03-29.INFO: client:{7f00000108fc00000004} connecting...  [] []
[2019-03-29 11:10:52] 2019-03-29.INFO: Server: bind checking...  [] []
[2019-03-29 11:10:52] 2019-03-29.INFO: Server: User[7f00000108fc00000004]: bind successful.  [] []
[2019-03-29 11:10:54] 2019-03-29.INFO: User[7f00000108fc00000004]: query posture to database...  [] []
[2019-03-29 11:11:00] 2019-03-29.INFO: User[7f00000108fc00000004]: query posture to database...  [] []
[2019-03-29 11:11:07] 2019-03-29.INFO: User[7f00000108fc00000004]: query posture to database...  [] []
[2019-03-29 11:11:08] 2019-03-29.INFO: User[7f00000108fc00000004]: query posture to database...  [] []
[2019-03-29 11:12:04] 2019-03-29.INFO: User[7f00000108fc00000004]: query posture to database...  [] []
[2019-03-29 11:12:14] 2019-03-29.INFO: User[7f00000108fc00000004]: send control_posture to Bed...  [] []
[2019-03-29 11:12:14] 2019-03-29.INFO: Server: forwarding control_posture successful.   [] []
[2019-03-29 11:12:19] 2019-03-29.INFO: Bed[admin1]:send done info to users...  [] []
[2019-03-29 11:12:28] 2019-03-29.INFO: User[7f00000108fc00000004]: query posture to database...  [] []
[2019-03-29 11:12:31] 2019-03-29.INFO: User[7f00000108fc00000004]: send control_posture to Bed...  [] []
[2019-03-29 11:12:31] 2019-03-29.INFO: Server: forwarding control_posture successful.   [] []
[2019-03-29 11:12:36] 2019-03-29.INFO: Bed[admin1]:send done info to users...  [] []
[2019-03-29 11:16:34] 2019-03-29.INFO: client:{7f00000108fc00000004} disconnecting...  [] []
[2019-03-29 11:16:34] 2019-03-29.INFO: client:{7f00000108fc00000005} connecting...  [] []
[2019-03-29 11:16:40] 2019-03-29.INFO: User[7f00000108fc00000005]: query record...  [] []
[2019-03-29 11:16:40] 2019-03-29.INFO: Server: PID is unbound!   [] []
[2019-03-29 11:16:49] 2019-03-29.INFO: Server: bind checking...  [] []
[2019-03-29 11:16:49] 2019-03-29.INFO: Server: User[7f00000108fc00000005]: bind successful.  [] []
[2019-03-29 11:16:50] 2019-03-29.INFO: User[7f00000108fc00000005]: query posture to database...  [] []
[2019-03-29 11:16:52] 2019-03-29.INFO: User[7f00000108fc00000005]: query posture to database...  [] []
[2019-03-29 11:16:55] 2019-03-29.INFO: User[7f00000108fc00000005]: query posture to database...  [] []
[2019-03-29 11:17:01] 2019-03-29.INFO: client:{7f00000108fc00000001} disconnecting...  [] []
[2019-03-29 11:17:01] 2019-03-29.INFO: client:{7f00000108fc00000002} disconnecting...  [] []
[2019-03-29 11:17:01] 2019-03-29.INFO: client:{7f00000108fc00000003} disconnecting...  [] []
[2019-03-29 11:17:01] 2019-03-29.INFO: client:{7f00000108fc00000006} connecting...  [] []
[2019-03-29 11:17:01] 2019-03-29.INFO: client:{7f00000108fc00000007} connecting...  [] []
[2019-03-29 11:17:01] 2019-03-29.INFO: client:{7f00000108fc00000008} connecting...  [] []
[2019-03-29 11:17:01] 2019-03-29.INFO: Server: connect checking...  [] []
[2019-03-29 11:17:01] 2019-03-29.INFO: Bed[admin1]: connect successful!  [] []
[2019-03-29 11:17:01] 2019-03-29.INFO: Server: connect checking...  [] []
[2019-03-29 11:17:01] 2019-03-29.INFO: Bed[admin2]: connect successful!  [] []
[2019-03-29 11:17:01] 2019-03-29.INFO: Server: connect checking...  [] []
[2019-03-29 11:17:01] 2019-03-29.INFO: Bed[admin3]: connect successful!  [] []
[2019-03-29 11:17:02] 2019-03-29.INFO: client:{7f00000108fc00000006} disconnecting...  [] []
[2019-03-29 11:17:02] 2019-03-29.INFO: client:{7f00000108fc00000007} disconnecting...  [] []
[2019-03-29 11:17:02] 2019-03-29.INFO: client:{7f00000108fc00000008} disconnecting...  [] []
[2019-03-29 11:17:18] 2019-03-29.INFO: client:{7f00000108fc00000001} connecting...  [] []
[2019-03-29 11:17:18] 2019-03-29.INFO: client:{7f00000108fc00000002} connecting...  [] []
[2019-03-29 11:17:18] 2019-03-29.INFO: client:{7f00000108fc00000003} connecting...  [] []
[2019-03-29 11:17:18] 2019-03-29.INFO: Server: connect checking...  [] []
[2019-03-29 11:17:18] 2019-03-29.INFO: Bed[admin1]: connect successful!  [] []
[2019-03-29 11:17:18] 2019-03-29.INFO: Server: connect checking...  [] []
[2019-03-29 11:17:18] 2019-03-29.INFO: Bed[admin2]: connect successful!  [] []
[2019-03-29 11:17:18] 2019-03-29.INFO: Server: connect checking...  [] []
[2019-03-29 11:17:18] 2019-03-29.INFO: Bed[admin3]: connect successful!  [] []
[2019-03-29 11:17:19] 2019-03-29.INFO: client:{7f00000108fc00000004} connecting...  [] []
[2019-03-29 14:58:58] 2019-03-29.INFO: client:{7f00000108fc00000001} connecting...  [] []
[2019-03-29 14:58:58] 2019-03-29.INFO: client:{7f00000108fc00000002} connecting...  [] []
[2019-03-29 14:58:58] 2019-03-29.INFO: client:{7f00000108fc00000003} connecting...  [] []
[2019-03-29 14:58:58] 2019-03-29.INFO: Server: connect checking...  [] []
[2019-03-29 14:58:58] 2019-03-29.INFO: Bed[admin1]: connect successful!  [] []
[2019-03-29 14:58:58] 2019-03-29.INFO: Server: connect checking...  [] []
[2019-03-29 14:58:58] 2019-03-29.INFO: Bed[admin2]: connect successful!  [] []
[2019-03-29 14:58:58] 2019-03-29.INFO: Server: connect checking...  [] []
[2019-03-29 14:58:58] 2019-03-29.INFO: Bed[admin3]: connect successful!  [] []
[2019-03-29 14:58:58] 2019-03-29.INFO: client:{7f00000108fc00000004} connecting...  [] []
[2019-03-29 14:59:04] 2019-03-29.INFO: client:{7f00000108fc00000005} connecting...  [] []
[2019-03-29 14:59:04] 2019-03-29.INFO: client:{7f00000108fc00000006} connecting...  [] []
[2019-03-29 14:59:04] 2019-03-29.INFO: client:{7f00000108fc00000007} connecting...  [] []
[2019-03-29 14:59:04] 2019-03-29.INFO: Server: connect checking...  [] []
[2019-03-29 14:59:04] 2019-03-29.INFO: Bed[admin1]: connect successful!  [] []
[2019-03-29 14:59:04] 2019-03-29.INFO: Server: connect checking...  [] []
[2019-03-29 14:59:04] 2019-03-29.INFO: Bed[admin2]: connect successful!  [] []
[2019-03-29 14:59:04] 2019-03-29.INFO: Server: connect checking...  [] []
[2019-03-29 14:59:04] 2019-03-29.INFO: Bed[admin3]: connect successful!  [] []
[2019-03-29 14:59:09] 2019-03-29.INFO: client:{7f00000108fc00000001} connecting...  [] []
[2019-03-29 14:59:09] 2019-03-29.INFO: client:{7f00000108fc00000002} connecting...  [] []
[2019-03-29 14:59:09] 2019-03-29.INFO: client:{7f00000108fc00000003} connecting...  [] []
[2019-03-29 14:59:09] 2019-03-29.INFO: Server: connect checking...  [] []
[2019-03-29 14:59:09] 2019-03-29.INFO: Bed[admin1]: connect successful!  [] []
[2019-03-29 14:59:09] 2019-03-29.INFO: Server: connect checking...  [] []
[2019-03-29 14:59:09] 2019-03-29.INFO: Bed[admin2]: connect successful!  [] []
[2019-03-29 14:59:09] 2019-03-29.INFO: Server: connect checking...  [] []
[2019-03-29 14:59:09] 2019-03-29.INFO: Bed[admin3]: connect successful!  [] []
[2019-03-29 14:59:10] 2019-03-29.INFO: client:{7f00000108fc00000004} connecting...  [] []
[2019-03-29 14:59:14] 2019-03-29.INFO: client:{7f00000108fc00000001} disconnecting...  [] []
[2019-03-29 14:59:14] 2019-03-29.INFO: client:{7f00000108fc00000002} disconnecting...  [] []
[2019-03-29 14:59:14] 2019-03-29.INFO: client:{7f00000108fc00000003} disconnecting...  [] []
[2019-03-29 14:59:15] 2019-03-29.INFO: client:{7f00000108fc00000001} connecting...  [] []
[2019-03-29 14:59:15] 2019-03-29.INFO: client:{7f00000108fc00000002} connecting...  [] []
[2019-03-29 14:59:15] 2019-03-29.INFO: client:{7f00000108fc00000003} connecting...  [] []
[2019-03-29 14:59:15] 2019-03-29.INFO: Server: connect checking...  [] []
[2019-03-29 14:59:15] 2019-03-29.INFO: Bed[admin1]: connect successful!  [] []
[2019-03-29 14:59:15] 2019-03-29.INFO: Server: connect checking...  [] []
[2019-03-29 14:59:15] 2019-03-29.INFO: Bed[admin2]: connect successful!  [] []
[2019-03-29 14:59:15] 2019-03-29.INFO: Server: connect checking...  [] []
[2019-03-29 14:59:15] 2019-03-29.INFO: Bed[admin3]: connect successful!  [] []
[2019-03-29 14:59:15] 2019-03-29.INFO: client:{7f00000108fc00000004} connecting...  [] []
[2019-03-29 14:59:16] 2019-03-29.INFO: client:{7f00000108fc00000001} disconnecting...  [] []
[2019-03-29 14:59:16] 2019-03-29.INFO: client:{7f00000108fc00000002} disconnecting...  [] []
[2019-03-29 14:59:16] 2019-03-29.INFO: client:{7f00000108fc00000003} disconnecting...  [] []
[2019-03-29 14:59:16] 2019-03-29.INFO: client:{7f00000108fc00000005} connecting...  [] []
[2019-03-29 14:59:16] 2019-03-29.INFO: client:{7f00000108fc00000006} connecting...  [] []
[2019-03-29 14:59:16] 2019-03-29.INFO: client:{7f00000108fc00000007} connecting...  [] []
[2019-03-29 14:59:16] 2019-03-29.INFO: Server: connect checking...  [] []
[2019-03-29 14:59:16] 2019-03-29.INFO: Bed[admin1]: connect successful!  [] []
[2019-03-29 14:59:16] 2019-03-29.INFO: Server: connect checking...  [] []
[2019-03-29 14:59:16] 2019-03-29.INFO: Bed[admin2]: connect successful!  [] []
[2019-03-29 14:59:16] 2019-03-29.INFO: Server: connect checking...  [] []
[2019-03-29 14:59:16] 2019-03-29.INFO: Bed[admin3]: connect successful!  [] []
[2019-03-29 14:59:16] 2019-03-29.INFO: client:{7f00000108fc00000005} disconnecting...  [] []
[2019-03-29 14:59:16] 2019-03-29.INFO: client:{7f00000108fc00000006} disconnecting...  [] []
[2019-03-29 14:59:16] 2019-03-29.INFO: client:{7f00000108fc00000007} disconnecting...  [] []
